Flow report for lab3
Mon Nov 17 18:48:49 2025
Quartus Prime Version 18.1.0 Build 625 09/12/2018 SJ Lite Edition


---------------------
; Table of Contents ;
---------------------
  1. Legal Notice
  2. Flow Summary
  3. Flow Settings
  4. Flow Non-Default Global Settings
  5. Flow Elapsed Time
  6. Flow OS Summary
  7. Flow Log
  8. Flow Messages
  9. Flow Suppressed Messages



----------------
; Legal Notice ;
----------------
Copyright (C) 2018  Intel Corporation. All rights reserved.
Your use of Intel Corporation's design tools, logic functions 
and other software and tools, and its AMPP partner logic 
functions, and any output files from any of the foregoing 
(including device programming or simulation files), and any 
associated documentation or information are expressly subject 
to the terms and conditions of the Intel Program License 
Subscription Agreement, the Intel Quartus Prime License Agreement,
the Intel FPGA IP License Agreement, or other applicable license
agreement, including, without limitation, that your use is for
the sole purpose of programming logic devices manufactured by
Intel and sold by Intel or its authorized distributors.  Please
refer to the applicable agreement for further details.



+----------------------------------------------------------------------------------+
; Flow Summary                                                                     ;
+------------------------------------+---------------------------------------------+
; Flow Status                        ; Successful - Mon Nov 17 18:48:49 2025       ;
; Quartus Prime Version              ; 18.1.0 Build 625 09/12/2018 SJ Lite Edition ;
; Revision Name                      ; lab3                                        ;
; Top-level Entity Name              ; ff1                                         ;
; Family                             ; Cyclone IV E                                ;
; Device                             ; EP4CE22F17C6                                ;
; Timing Models                      ; Final                                       ;
; Total logic elements               ; 2 / 22,320 ( < 1 % )                        ;
;     Total combinational functions  ; 2 / 22,320 ( < 1 % )                        ;
;     Dedicated logic registers      ; 0 / 22,320 ( 0 % )                          ;
; Total registers                    ; 0                                           ;
; Total pins                         ; 4 / 154 ( 3 % )                             ;
; Total virtual pins                 ; 0                                           ;
; Total memory bits                  ; 0 / 608,256 ( 0 % )                         ;
; Embedded Multiplier 9-bit elements ; 0 / 132 ( 0 % )                             ;
; Total PLLs                         ; 0 / 4 ( 0 % )                               ;
+------------------------------------+---------------------------------------------+


+-----------------------------------------+
; Flow Settings                           ;
+-------------------+---------------------+
; Option            ; Setting             ;
+-------------------+---------------------+
; Start date & time ; 11/17/2025 18:35:56 ;
; Main task         ; Compilation         ;
; Revision Name     ; lab3                ;
+-------------------+---------------------+


+-----------------------------------------------------------------------------------------------------------------------------+
; Flow Non-Default Global Settings                                                                                            ;
+-------------------------------------+----------------------------------------+---------------+-------------+----------------+
; Assignment Name                     ; Value                                  ; Default Value ; Entity Name ; Section Id     ;
+-------------------------------------+----------------------------------------+---------------+-------------+----------------+
; COMPILER_SIGNATURE_ID               ; 185410936802063.176339375506834        ; --            ; --          ; --             ;
; EDA_OUTPUT_DATA_FORMAT              ; Verilog Hdl                            ; --            ; --          ; eda_simulation ;
; EDA_SIMULATION_TOOL                 ; ModelSim-Altera (Verilog)              ; <None>        ; --          ; --             ;
; EDA_TIME_SCALE                      ; 1 ps                                   ; --            ; --          ; eda_simulation ;
; MAX_CORE_JUNCTION_TEMP              ; 85                                     ; --            ; --          ; --             ;
; MIN_CORE_JUNCTION_TEMP              ; 0                                      ; --            ; --          ; --             ;
; NOMINAL_CORE_SUPPLY_VOLTAGE         ; 1.2V                                   ; --            ; --          ; --             ;
; PARTITION_COLOR                     ; -- (Not supported for targeted family) ; --            ; ff1         ; Top            ;
; PARTITION_FITTER_PRESERVATION_LEVEL ; -- (Not supported for targeted family) ; --            ; ff1         ; Top            ;
; PARTITION_NETLIST_TYPE              ; -- (Not supported for targeted family) ; --            ; ff1         ; Top            ;
; POWER_BOARD_THERMAL_MODEL           ; None (CONSERVATIVE)                    ; --            ; --          ; --             ;
; POWER_PRESET_COOLING_SOLUTION       ; 23 MM HEAT SINK WITH 200 LFPM AIRFLOW  ; --            ; --          ; --             ;
; PROJECT_OUTPUT_DIRECTORY            ; output_files                           ; --            ; --          ; --             ;
; TOP_LEVEL_ENTITY                    ; ff1                                    ; lab3          ; --          ; --             ;
+-------------------------------------+----------------------------------------+---------------+-------------+----------------+


+--------------------------------------------------------------------------------------------------------------------------+
; Flow Elapsed Time                                                                                                        ;
+----------------------+--------------+-------------------------+---------------------+------------------------------------+
; Module Name          ; Elapsed Time ; Average Processors Used ; Peak Virtual Memory ; Total CPU Time (on all processors) ;
+----------------------+--------------+-------------------------+---------------------+------------------------------------+
; Analysis & Synthesis ; 00:00:08     ; 1.0                     ; 909 MB              ; 00:00:15                           ;
; Fitter               ; 00:00:03     ; 1.0                     ; 1620 MB             ; 00:00:04                           ;
; Assembler            ; 00:00:01     ; 1.0                     ; 785 MB              ; 00:00:01                           ;
; Timing Analyzer      ; 00:00:02     ; 1.0                     ; 850 MB              ; 00:00:01                           ;
; EDA Netlist Writer   ; 00:00:00     ; 1.0                     ; 1015 MB             ; 00:00:00                           ;
; EDA Netlist Writer   ; 00:00:00     ; 1.0                     ; 1007 MB             ; 00:00:00                           ;
; EDA Netlist Writer   ; 00:00:00     ; 1.0                     ; 1007 MB             ; 00:00:00                           ;
; EDA Netlist Writer   ; 00:00:00     ; 1.0                     ; 1017 MB             ; 00:00:00                           ;
; EDA Netlist Writer   ; 00:00:01     ; 1.0                     ; 1005 MB             ; 00:00:00                           ;
; EDA Netlist Writer   ; 00:00:00     ; 1.0                     ; 1007 MB             ; 00:00:00                           ;
; EDA Netlist Writer   ; 00:00:00     ; 1.0                     ; 1005 MB             ; 00:00:00                           ;
; EDA Netlist Writer   ; 00:00:00     ; 1.0                     ; 1005 MB             ; 00:00:00                           ;
; EDA Netlist Writer   ; 00:00:00     ; 1.0                     ; 1015 MB             ; 00:00:00                           ;
; EDA Netlist Writer   ; 00:00:01     ; 1.0                     ; 1007 MB             ; 00:00:00                           ;
; EDA Netlist Writer   ; 00:00:01     ; 1.0                     ; 1016 MB             ; 00:00:00                           ;
; Total                ; 00:00:17     ; --                      ; --                  ; 00:00:21                           ;
+----------------------+--------------+-------------------------+---------------------+------------------------------------+


+---------------------------------------------------------------------------------------------------+
; Flow OS Summary                                                                                   ;
+----------------------+-----------------------------+----------------+------------+----------------+
; Module Name          ; Machine Hostname            ; OS Name        ; OS Version ; Processor type ;
+----------------------+-----------------------------+----------------+------------+----------------+
; Analysis & Synthesis ; misha-To-Be-Filled-By-O-E-M ; Ubuntu 24.04.3 ; 24         ; x86_64         ;
; Fitter               ; misha-To-Be-Filled-By-O-E-M ; Ubuntu 24.04.3 ; 24         ; x86_64         ;
; Assembler            ; misha-To-Be-Filled-By-O-E-M ; Ubuntu 24.04.3 ; 24         ; x86_64         ;
; Timing Analyzer      ; misha-To-Be-Filled-By-O-E-M ; Ubuntu 24.04.3 ; 24         ; x86_64         ;
; EDA Netlist Writer   ; misha-To-Be-Filled-By-O-E-M ; Ubuntu 24.04.3 ; 24         ; x86_64         ;
; EDA Netlist Writer   ; misha-To-Be-Filled-By-O-E-M ; Ubuntu 24.04.3 ; 24         ; x86_64         ;
; EDA Netlist Writer   ; misha-To-Be-Filled-By-O-E-M ; Ubuntu 24.04.3 ; 24         ; x86_64         ;
; EDA Netlist Writer   ; misha-To-Be-Filled-By-O-E-M ; Ubuntu 24.04.3 ; 24         ; x86_64         ;
; EDA Netlist Writer   ; misha-To-Be-Filled-By-O-E-M ; Ubuntu 24.04.3 ; 24         ; x86_64         ;
; EDA Netlist Writer   ; misha-To-Be-Filled-By-O-E-M ; Ubuntu 24.04.3 ; 24         ; x86_64         ;
; EDA Netlist Writer   ; misha-To-Be-Filled-By-O-E-M ; Ubuntu 24.04.3 ; 24         ; x86_64         ;
; EDA Netlist Writer   ; misha-To-Be-Filled-By-O-E-M ; Ubuntu 24.04.3 ; 24         ; x86_64         ;
; EDA Netlist Writer   ; misha-To-Be-Filled-By-O-E-M ; Ubuntu 24.04.3 ; 24         ; x86_64         ;
; EDA Netlist Writer   ; misha-To-Be-Filled-By-O-E-M ; Ubuntu 24.04.3 ; 24         ; x86_64         ;
; EDA Netlist Writer   ; misha-To-Be-Filled-By-O-E-M ; Ubuntu 24.04.3 ; 24         ; x86_64         ;
+----------------------+-----------------------------+----------------+------------+----------------+


------------
; Flow Log ;
------------
quartus_map --read_settings_files=on --write_settings_files=off lab3 -c lab3
quartus_fit --read_settings_files=off --write_settings_files=off lab3 -c lab3
quartus_asm --read_settings_files=off --write_settings_files=off lab3 -c lab3
quartus_sta lab3 -c lab3
quartus_eda --read_settings_files=off --write_settings_files=off lab3 -c lab3
quartus_eda --gen_testbench --tool=modelsim_oem --format=verilog --write_settings_files=off lab3 -c lab3 --vector_source=/home/misha/VUZ/5sem/dscheme/l3/Waveform1.vwf --testbench_file=/home/misha/VUZ/5sem/dscheme/l3/simulation/qsim/Waveform1.vwf.vt
quartus_eda --gen_testbench --tool=modelsim_oem --format=verilog --write_settings_files=off lab3 -c lab3 --vector_source=/home/misha/VUZ/5sem/dscheme/l3/Waveform1.vwf --testbench_file=/home/misha/VUZ/5sem/dscheme/l3/simulation/qsim/Waveform1.vwf.vt
quartus_eda --write_settings_files=off --simulation=on --functional=off --flatten_buses=off --timescale=1ps --tool=modelsim_oem --format=verilog --output_directory=/home/misha/VUZ/5sem/dscheme/l3/simulation/qsim/ lab3 -c lab3
quartus_eda --gen_testbench --tool=modelsim_oem --format=verilog --write_settings_files=off lab3 -c lab3 --vector_source=/home/misha/VUZ/5sem/dscheme/l3/Waveform2.vwf --testbench_file=/home/misha/VUZ/5sem/dscheme/l3/simulation/modelsim/Waveform2.vwf.vt
quartus_eda --gen_testbench --tool=modelsim_oem --format=verilog --write_settings_files=off lab3 -c lab3 --vector_source=/home/misha/VUZ/5sem/dscheme/l3/Waveform1.vwf --testbench_file=/home/misha/VUZ/5sem/dscheme/l3/simulation/qsim/Waveform1.vwf.vt
quartus_eda --gen_testbench --tool=modelsim_oem --format=verilog --write_settings_files=off lab3 -c lab3 --vector_source=/home/misha/VUZ/5sem/dscheme/l3/Waveform1.vwf --testbench_file=/home/misha/VUZ/5sem/dscheme/l3/simulation/qsim/Waveform1.vwf.vt
quartus_eda --gen_testbench --tool=modelsim_oem --format=verilog --write_settings_files=off lab3 -c lab3 --vector_source=/home/misha/VUZ/5sem/dscheme/l3/Waveform1.vwf --testbench_file=/home/misha/VUZ/5sem/dscheme/l3/simulation/qsim/Waveform1.vwf.vt
quartus_eda --write_settings_files=off --simulation=on --functional=off --flatten_buses=off --timescale=1ps --tool=modelsim_oem --format=verilog --output_directory=/home/misha/VUZ/5sem/dscheme/l3/simulation/qsim/ lab3 -c lab3
quartus_eda --gen_testbench --tool=modelsim_oem --format=verilog --write_settings_files=off lab3 -c lab3 --vector_source=/home/misha/VUZ/5sem/dscheme/l3/Waveform1.vwf --testbench_file=/home/misha/VUZ/5sem/dscheme/l3/simulation/qsim/Waveform1.vwf.vt
quartus_eda --write_settings_files=off --simulation=on --functional=off --flatten_buses=off --timescale=1ps --tool=modelsim_oem --format=verilog --output_directory=/home/misha/VUZ/5sem/dscheme/l3/simulation/qsim/ lab3 -c lab3



