Flow report for jkff_my
Sun Nov 30 22:02:32 2025
Quartus Prime Version 18.1.0 Build 625 09/12/2018 SJ Lite Edition


---------------------
; Table of Contents ;
---------------------
  1. Legal Notice
  2. Flow Summary
  3. Flow Settings
  4. Flow Non-Default Global Settings
  5. Flow Elapsed Time
  6. Flow OS Summary
  7. Flow Log
  8. Flow Messages
  9. Flow Suppressed Messages



----------------
; Legal Notice ;
----------------
Copyright (C) 2018  Intel Corporation. All rights reserved.
Your use of Intel Corporation's design tools, logic functions 
and other software and tools, and its AMPP partner logic 
functions, and any output files from any of the foregoing 
(including device programming or simulation files), and any 
associated documentation or information are expressly subject 
to the terms and conditions of the Intel Program License 
Subscription Agreement, the Intel Quartus Prime License Agreement,
the Intel FPGA IP License Agreement, or other applicable license
agreement, including, without limitation, that your use is for
the sole purpose of programming logic devices manufactured by
Intel and sold by Intel or its authorized distributors.  Please
refer to the applicable agreement for further details.



+----------------------------------------------------------------------------------+
; Flow Summary                                                                     ;
+------------------------------------+---------------------------------------------+
; Flow Status                        ; Successful - Sun Nov 30 22:02:32 2025       ;
; Quartus Prime Version              ; 18.1.0 Build 625 09/12/2018 SJ Lite Edition ;
; Revision Name                      ; jkff_my                                     ;
; Top-level Entity Name              ; jkff_my                                     ;
; Family                             ; Cyclone IV E                                ;
; Device                             ; EP4CE15M9I7                                 ;
; Timing Models                      ; Final                                       ;
; Total logic elements               ; 1 / 15,408 ( < 1 % )                        ;
;     Total combinational functions  ; 1 / 15,408 ( < 1 % )                        ;
;     Dedicated logic registers      ; 1 / 15,408 ( < 1 % )                        ;
; Total registers                    ; 1                                           ;
; Total pins                         ; 4 / 166 ( 2 % )                             ;
; Total virtual pins                 ; 0                                           ;
; Total memory bits                  ; 0 / 516,096 ( 0 % )                         ;
; Embedded Multiplier 9-bit elements ; 0 / 112 ( 0 % )                             ;
; Total PLLs                         ; 0 / 4 ( 0 % )                               ;
+------------------------------------+---------------------------------------------+


+-----------------------------------------+
; Flow Settings                           ;
+-------------------+---------------------+
; Option            ; Setting             ;
+-------------------+---------------------+
; Start date & time ; 11/30/2025 21:54:56 ;
; Main task         ; Compilation         ;
; Revision Name     ; jkff_my             ;
+-------------------+---------------------+


+-----------------------------------------------------------------------------------------------------------------------------+
; Flow Non-Default Global Settings                                                                                            ;
+-------------------------------------+----------------------------------------+---------------+-------------+----------------+
; Assignment Name                     ; Value                                  ; Default Value ; Entity Name ; Section Id     ;
+-------------------------------------+----------------------------------------+---------------+-------------+----------------+
; COMPILER_SIGNATURE_ID               ; 185410936802063.176452889630551        ; --            ; --          ; --             ;
; EDA_OUTPUT_DATA_FORMAT              ; Verilog Hdl                            ; --            ; --          ; eda_simulation ;
; EDA_SIMULATION_TOOL                 ; ModelSim-Altera (Verilog)              ; <None>        ; --          ; --             ;
; EDA_TIME_SCALE                      ; 1 ps                                   ; --            ; --          ; eda_simulation ;
; MAX_CORE_JUNCTION_TEMP              ; 100                                    ; --            ; --          ; --             ;
; MIN_CORE_JUNCTION_TEMP              ; -40                                    ; --            ; --          ; --             ;
; NOMINAL_CORE_SUPPLY_VOLTAGE         ; 1.2V                                   ; --            ; --          ; --             ;
; PARTITION_COLOR                     ; -- (Not supported for targeted family) ; --            ; --          ; Top            ;
; PARTITION_FITTER_PRESERVATION_LEVEL ; -- (Not supported for targeted family) ; --            ; --          ; Top            ;
; PARTITION_NETLIST_TYPE              ; -- (Not supported for targeted family) ; --            ; --          ; Top            ;
; PROJECT_OUTPUT_DIRECTORY            ; output_files                           ; --            ; --          ; --             ;
+-------------------------------------+----------------------------------------+---------------+-------------+----------------+


+--------------------------------------------------------------------------------------------------------------------------+
; Flow Elapsed Time                                                                                                        ;
+----------------------+--------------+-------------------------+---------------------+------------------------------------+
; Module Name          ; Elapsed Time ; Average Processors Used ; Peak Virtual Memory ; Total CPU Time (on all processors) ;
+----------------------+--------------+-------------------------+---------------------+------------------------------------+
; Analysis & Synthesis ; 00:00:08     ; 1.0                     ; 935 MB              ; 00:00:17                           ;
; Fitter               ; 00:00:03     ; 1.0                     ; 1609 MB             ; 00:00:04                           ;
; Assembler            ; 00:00:00     ; 1.0                     ; 783 MB              ; 00:00:01                           ;
; Timing Analyzer      ; 00:00:01     ; 1.0                     ; 819 MB              ; 00:00:01                           ;
; EDA Netlist Writer   ; 00:00:00     ; 1.0                     ; 1017 MB             ; 00:00:00                           ;
; EDA Netlist Writer   ; 00:00:01     ; 1.0                     ; 1007 MB             ; 00:00:00                           ;
; EDA Netlist Writer   ; 00:00:00     ; 1.0                     ; 1011 MB             ; 00:00:00                           ;
; EDA Netlist Writer   ; 00:00:00     ; 1.0                     ; 1009 MB             ; 00:00:00                           ;
; EDA Netlist Writer   ; 00:00:00     ; 1.0                     ; 1016 MB             ; 00:00:00                           ;
; Total                ; 00:00:13     ; --                      ; --                  ; 00:00:23                           ;
+----------------------+--------------+-------------------------+---------------------+------------------------------------+


+---------------------------------------------------------------------------------------------------+
; Flow OS Summary                                                                                   ;
+----------------------+-----------------------------+----------------+------------+----------------+
; Module Name          ; Machine Hostname            ; OS Name        ; OS Version ; Processor type ;
+----------------------+-----------------------------+----------------+------------+----------------+
; Analysis & Synthesis ; misha-To-Be-Filled-By-O-E-M ; Ubuntu 24.04.3 ; 24         ; x86_64         ;
; Fitter               ; misha-To-Be-Filled-By-O-E-M ; Ubuntu 24.04.3 ; 24         ; x86_64         ;
; Assembler            ; misha-To-Be-Filled-By-O-E-M ; Ubuntu 24.04.3 ; 24         ; x86_64         ;
; Timing Analyzer      ; misha-To-Be-Filled-By-O-E-M ; Ubuntu 24.04.3 ; 24         ; x86_64         ;
; EDA Netlist Writer   ; misha-To-Be-Filled-By-O-E-M ; Ubuntu 24.04.3 ; 24         ; x86_64         ;
; EDA Netlist Writer   ; misha-To-Be-Filled-By-O-E-M ; Ubuntu 24.04.3 ; 24         ; x86_64         ;
; EDA Netlist Writer   ; misha-To-Be-Filled-By-O-E-M ; Ubuntu 24.04.3 ; 24         ; x86_64         ;
; EDA Netlist Writer   ; misha-To-Be-Filled-By-O-E-M ; Ubuntu 24.04.3 ; 24         ; x86_64         ;
; EDA Netlist Writer   ; misha-To-Be-Filled-By-O-E-M ; Ubuntu 24.04.3 ; 24         ; x86_64         ;
+----------------------+-----------------------------+----------------+------------+----------------+


------------
; Flow Log ;
------------
quartus_map --read_settings_files=on --write_settings_files=off jkff_my -c jkff_my
quartus_fit --read_settings_files=off --write_settings_files=off jkff_my -c jkff_my
quartus_asm --read_settings_files=off --write_settings_files=off jkff_my -c jkff_my
quartus_sta jkff_my -c jkff_my
quartus_eda --read_settings_files=off --write_settings_files=off jkff_my -c jkff_my
quartus_eda --gen_testbench --tool=modelsim_oem --format=verilog --write_settings_files=off jkff_my -c jkff_my --vector_source=/home/misha/VUZ/5sem/dscheme/l4/quartus/jkff_my/Waveform.vwf --testbench_file=/home/misha/VUZ/5sem/dscheme/l4/quartus/jkff_my/simulation/qsim/Waveform.vwf.vt
quartus_eda --write_settings_files=off --simulation=on --functional=on --flatten_buses=off --tool=modelsim_oem --format=verilog --output_directory=/home/misha/VUZ/5sem/dscheme/l4/quartus/jkff_my/simulation/qsim/ jkff_my -c jkff_my
quartus_eda --gen_testbench --tool=modelsim_oem --format=verilog --write_settings_files=off jkff_my -c jkff_my --vector_source=/home/misha/VUZ/5sem/dscheme/l4/quartus/jkff_my/Waveform.vwf --testbench_file=/home/misha/VUZ/5sem/dscheme/l4/quartus/jkff_my/simulation/qsim/Waveform.vwf.vt
quartus_eda --write_settings_files=off --simulation=on --functional=off --flatten_buses=off --timescale=1ps --tool=modelsim_oem --format=verilog --output_directory=/home/misha/VUZ/5sem/dscheme/l4/quartus/jkff_my/simulation/qsim/ jkff_my -c jkff_my



